Using pre-set license
Built from '2020.2/staging' branch; Version is '2020.2.6f1 (8a2143876886) revision 9052483'; Using compiler version '192528614'; Build Type 'Release'
OS: 'Windows 10 Home; OS build 19043.1586; Version 2009; 64bit' Language: 'ko' Physical Memory: 16335 MB
BatchMode: 1, IsHumanControllingUs: 0, StartBugReporterOnCrash: 0, Is64bit: 1, IsPro: 0

 COMMAND LINE ARGUMENTS:
C:\Program Files\Unity\2020.2.6f1\Editor\Unity.exe
-adb2
-batchMode
-noUpm
-name
AssetImportWorker0
-projectPath
D:/Unity Project/Git Test
-logFile
Logs/AssetImportWorker0.log
-srvPort
3116
Successfully changed project path to: D:/Unity Project/Git Test
D:/Unity Project/Git Test
Using Asset Import Pipeline V2.
Refreshing native plugins compatible for Editor in 23.45 ms, found 0 plugins.
Preloading 0 native plugins for Editor in 0.00 ms.
Initialize engine version: 2020.2.6f1 (8a2143876886)
[Subsystems] Discovering subsystems at path C:/Program Files/Unity/2020.2.6f1/Editor/Data/Resources/UnitySubsystems
[Subsystems] Discovering subsystems at path D:/Unity Project/Git Test/Assets
GfxDevice: creating device client; threaded=0
Direct3D:
    Version:  Direct3D 11.0 [level 11.1]
    Renderer: Radeon RX 580 Series (ID=0x67df)
    Vendor:   
    VRAM:     8171 MB
    Driver:   27.20.1034.6
Initialize mono
Mono path[0] = 'C:/Program Files/Unity/2020.2.6f1/Editor/Data/Managed'
Mono path[1] = 'C:/Program Files/Unity/2020.2.6f1/Editor/Data/MonoBleedingEdge/lib/mono/unityjit'
Mono config path = 'C:/Program Files/Unity/2020.2.6f1/Editor/Data/MonoBleedingEdge/etc'
Using monoOptions --debugger-agent=transport=dt_socket,embedding=1,server=y,suspend=n,address=127.0.0.1:56792
Begin MonoManager ReloadAssembly
Registering precompiled unity dll's ...
Register platform support module: C:/Program Files/Unity/2020.2.6f1/Editor/Data/PlaybackEngines/WindowsStandaloneSupport/UnityEditor.WindowsStandalone.Extensions.dll
Registered in 0.004468 seconds.
Native extension for WindowsStandalone target not found
Refreshing native plugins compatible for Editor in 22.90 ms, found 0 plugins.
Preloading 0 native plugins for Editor in 0.00 ms.
Invoked RoslynAnalysisRunner static constructor.
RoslynAnalysisRunner will not be running.
RoslynAnalysisRunner has terminated.
Mono: successfully reloaded assembly
- Completed reload, in  3.909 seconds
Platform modules already initialized, skipping
Registering precompiled user dll's ...
Registered in 0.000936 seconds.
Begin MonoManager ReloadAssembly
Native extension for WindowsStandalone target not found
Refreshing native plugins compatible for Editor in 0.34 ms, found 0 plugins.
Preloading 0 native plugins for Editor in 0.00 ms.
Invoked RoslynAnalysisRunner static constructor.
RoslynAnalysisRunner will not be running.
RoslynAnalysisRunner has terminated.
Mono: successfully reloaded assembly
- Completed reload, in  0.975 seconds
Platform modules already initialized, skipping
========================================================================
Worker process is ready to serve import requests
Launched and connected shader compiler UnityShaderCompiler.exe after 0.12 seconds
Refreshing native plugins compatible for Editor in 0.21 ms, found 0 plugins.
Preloading 0 native plugins for Editor in 0.00 ms.
Unloading 1103 Unused Serialized files (Serialized files now loaded: 0)
System memory in use before: 59.2 MB.
System memory in use after: 59.3 MB.

Unloading 10 unused Assets to reduce memory usage. Loaded Objects now: 1544.
Total: 1.770700 ms (FindLiveObjects: 0.179000 ms CreateObjectMapping: 0.035500 ms MarkObjects: 1.469600 ms  DeleteObjects: 0.084700 ms)

========================================================================
Received Import Request.
  path: Assets
  artifactKey: Guid(00000000000000001000000000000000) Importer(815301076,1909f56bfc062723c751e8b465ee728b)
Start importing Assets using Guid(00000000000000001000000000000000) Importer(815301076,1909f56bfc062723c751e8b465ee728b)  -> (artifact id: 'f47cf443bddc682ac2de11ea429897ce') in 0.011454 seconds
  Import took 0.037873 seconds .

========================================================================
Received Import Request.
  Time since last request: 4.987764 seconds.
  path: Assets/Protject 1
  artifactKey: Guid(49f2c8916ee906f49b8c5860d9475c53) Importer(815301076,1909f56bfc062723c751e8b465ee728b)
Start importing Assets/Protject 1 using Guid(49f2c8916ee906f49b8c5860d9475c53) Importer(815301076,1909f56bfc062723c751e8b465ee728b)  -> (artifact id: '84989df3713fce5334c87aae3ea5a821') in 0.009594 seconds
  Import took 0.011819 seconds .

========================================================================
Received Import Request.
  Time since last request: 6.973776 seconds.
  path: Assets/Protject 1/TestProject.cs
  artifactKey: Guid(4c54e4893fb11014fb94eb67cf5bd1ec) Importer(815301076,1909f56bfc062723c751e8b465ee728b)
Start importing Assets/Protject 1/TestProject.cs using Guid(4c54e4893fb11014fb94eb67cf5bd1ec) Importer(815301076,1909f56bfc062723c751e8b465ee728b)  -> (artifact id: 'a1b9767a2ae2f2d084a0fc486feb8ce0') in 0.070157 seconds
  Import took 0.078660 seconds .

========================================================================
Received Prepare
Registering precompiled user dll's ...
Registered in 0.001062 seconds.
Begin MonoManager ReloadAssembly
Native extension for WindowsStandalone target not found
Refreshing native plugins compatible for Editor in 0.21 ms, found 0 plugins.
Preloading 0 native plugins for Editor in 0.00 ms.
Invoked RoslynAnalysisRunner static constructor.
RoslynAnalysisRunner will not be running.
RoslynAnalysisRunner has terminated.
Mono: successfully reloaded assembly
- Completed reload, in  0.932 seconds
Platform modules already initialized, skipping
Refreshing native plugins compatible for Editor in 0.21 ms, found 0 plugins.
Preloading 0 native plugins for Editor in 0.00 ms.
Unloading 1099 Unused Serialized files (Serialized files now loaded: 0)
System memory in use before: 59.2 MB.
System memory in use after: 59.3 MB.

Unloading 5 unused Assets to reduce memory usage. Loaded Objects now: 1547.
Total: 1.863600 ms (FindLiveObjects: 0.195500 ms CreateObjectMapping: 0.028200 ms MarkObjects: 1.576900 ms  DeleteObjects: 0.061400 ms)

========================================================================
Received Prepare
Registering precompiled user dll's ...
Registered in 0.000927 seconds.
Begin MonoManager ReloadAssembly
Native extension for WindowsStandalone target not found
Refreshing native plugins compatible for Editor in 0.23 ms, found 0 plugins.
Preloading 0 native plugins for Editor in 0.00 ms.
Invoked RoslynAnalysisRunner static constructor.
RoslynAnalysisRunner will not be running.
RoslynAnalysisRunner has terminated.
Mono: successfully reloaded assembly
- Completed reload, in  0.924 seconds
Platform modules already initialized, skipping
Refreshing native plugins compatible for Editor in 0.22 ms, found 0 plugins.
Preloading 0 native plugins for Editor in 0.00 ms.
Unloading 1099 Unused Serialized files (Serialized files now loaded: 0)
System memory in use before: 59.2 MB.
System memory in use after: 59.3 MB.

Unloading 5 unused Assets to reduce memory usage. Loaded Objects now: 1549.
Total: 1.828600 ms (FindLiveObjects: 0.221200 ms CreateObjectMapping: 0.032800 ms MarkObjects: 1.521100 ms  DeleteObjects: 0.051800 ms)

========================================================================
Received Import Request.
  Time since last request: 28.103508 seconds.
  path: Assets/TestProject
  artifactKey: Guid(49f2c8916ee906f49b8c5860d9475c53) Importer(815301076,1909f56bfc062723c751e8b465ee728b)
Start importing Assets/TestProject using Guid(49f2c8916ee906f49b8c5860d9475c53) Importer(815301076,1909f56bfc062723c751e8b465ee728b)  -> (artifact id: '2e22c08fc6a6f2fcf44a4455f081d062') in 0.004814 seconds
  Import took 0.006839 seconds .

========================================================================
Received Import Request.
  Time since last request: 0.010604 seconds.
  path: Assets/TestProject
  artifactKey: Guid(49f2c8916ee906f49b8c5860d9475c53) Importer(815301076,1909f56bfc062723c751e8b465ee728b)
Start importing Assets/TestProject using Guid(49f2c8916ee906f49b8c5860d9475c53) Importer(815301076,1909f56bfc062723c751e8b465ee728b)  -> (artifact id: '2e22c08fc6a6f2fcf44a4455f081d062') in 0.002650 seconds
  Import took 0.004681 seconds .

========================================================================
Received Import Request.
  Time since last request: 37.953892 seconds.
  path: Assets/TestProject/Package.cs
  artifactKey: Guid(08110e517b5a1bb439866a5be97f2f14) Importer(815301076,1909f56bfc062723c751e8b465ee728b)
Start importing Assets/TestProject/Package.cs using Guid(08110e517b5a1bb439866a5be97f2f14) Importer(815301076,1909f56bfc062723c751e8b465ee728b)  -> (artifact id: 'a9ce55967dd8fd7e21339229ac0f84f9') in 0.010906 seconds
  Import took 0.033711 seconds .

========================================================================
Received Import Request.
  Time since last request: 0.001760 seconds.
  path: Assets/TestProject/Package.cs
  artifactKey: Guid(08110e517b5a1bb439866a5be97f2f14) Importer(815301076,1909f56bfc062723c751e8b465ee728b)
Start importing Assets/TestProject/Package.cs using Guid(08110e517b5a1bb439866a5be97f2f14) Importer(815301076,1909f56bfc062723c751e8b465ee728b)  -> (artifact id: 'a9ce55967dd8fd7e21339229ac0f84f9') in 0.002684 seconds
  Import took 0.004531 seconds .

========================================================================
Received Prepare
Registering precompiled user dll's ...
Registered in 0.001001 seconds.
Begin MonoManager ReloadAssembly
Native extension for WindowsStandalone target not found
Refreshing native plugins compatible for Editor in 0.22 ms, found 0 plugins.
Preloading 0 native plugins for Editor in 0.00 ms.
Invoked RoslynAnalysisRunner static constructor.
RoslynAnalysisRunner will not be running.
RoslynAnalysisRunner has terminated.
Mono: successfully reloaded assembly
- Completed reload, in  0.916 seconds
Platform modules already initialized, skipping
Refreshing native plugins compatible for Editor in 0.22 ms, found 0 plugins.
Preloading 0 native plugins for Editor in 0.00 ms.
Unloading 1100 Unused Serialized files (Serialized files now loaded: 0)
System memory in use before: 59.3 MB.
System memory in use after: 59.3 MB.

Unloading 5 unused Assets to reduce memory usage. Loaded Objects now: 1552.
Total: 1.650300 ms (FindLiveObjects: 0.187800 ms CreateObjectMapping: 0.028400 ms MarkObjects: 1.381200 ms  DeleteObjects: 0.051700 ms)

========================================================================
Received Prepare
Registering precompiled user dll's ...
Registered in 0.001388 seconds.
Begin MonoManager ReloadAssembly
Native extension for WindowsStandalone target not found
Refreshing native plugins compatible for Editor in 0.23 ms, found 0 plugins.
Preloading 0 native plugins for Editor in 0.00 ms.
Invoked RoslynAnalysisRunner static constructor.
RoslynAnalysisRunner will not be running.
RoslynAnalysisRunner has terminated.
Mono: successfully reloaded assembly
- Completed reload, in  1.127 seconds
Platform modules already initialized, skipping
Refreshing native plugins compatible for Editor in 0.22 ms, found 0 plugins.
Preloading 0 native plugins for Editor in 0.00 ms.
Unloading 1099 Unused Serialized files (Serialized files now loaded: 0)
System memory in use before: 59.3 MB.
System memory in use after: 59.3 MB.

Unloading 6 unused Assets to reduce memory usage. Loaded Objects now: 1553.
Total: 1.744500 ms (FindLiveObjects: 0.173100 ms CreateObjectMapping: 0.028300 ms MarkObjects: 1.482900 ms  DeleteObjects: 0.058800 ms)

========================================================================
Received Import Request.
  Time since last request: 203.519428 seconds.
  path: Assets/TestProject 1
  artifactKey: Guid(084a72e3e4c2af9419439ff84802612c) Importer(815301076,1909f56bfc062723c751e8b465ee728b)
Start importing Assets/TestProject 1 using Guid(084a72e3e4c2af9419439ff84802612c) Importer(815301076,1909f56bfc062723c751e8b465ee728b)  -> (artifact id: 'f0a04f37547ad61a73fc872bd5af1785') in 0.009038 seconds
  Import took 0.031108 seconds .

========================================================================
Received Import Request.
  Time since last request: 9.566528 seconds.
  path: Assets/GitTest
  artifactKey: Guid(084a72e3e4c2af9419439ff84802612c) Importer(815301076,1909f56bfc062723c751e8b465ee728b)
Start importing Assets/GitTest using Guid(084a72e3e4c2af9419439ff84802612c) Importer(815301076,1909f56bfc062723c751e8b465ee728b)  -> (artifact id: '6a9b200d28302902dee5ef211ece405e') in 0.008444 seconds
  Import took 0.010938 seconds .

========================================================================
Received Import Request.
  Time since last request: 2.180087 seconds.
  path: Assets/GitTest/TestProject.cs
  artifactKey: Guid(b5dd0f74baec5a24a9eb7e391ce15cf6) Importer(815301076,1909f56bfc062723c751e8b465ee728b)
Start importing Assets/GitTest/TestProject.cs using Guid(b5dd0f74baec5a24a9eb7e391ce15cf6) Importer(815301076,1909f56bfc062723c751e8b465ee728b)  -> (artifact id: 'd8ce703746790aa9d52046ba732f06a6') in 0.007118 seconds
  Import took 0.009598 seconds .

========================================================================
Received Import Request.
  Time since last request: 2.633666 seconds.
  path: Assets/GitTest/GitTest.cs
  artifactKey: Guid(b5dd0f74baec5a24a9eb7e391ce15cf6) Importer(815301076,1909f56bfc062723c751e8b465ee728b)
Start importing Assets/GitTest/GitTest.cs using Guid(b5dd0f74baec5a24a9eb7e391ce15cf6) Importer(815301076,1909f56bfc062723c751e8b465ee728b)  -> (artifact id: '558bbeb38e2c8b603b142aa557ccdbc1') in 0.002331 seconds
  Import took 0.004579 seconds .

========================================================================
Received Prepare
Registering precompiled user dll's ...
Registered in 0.001240 seconds.
Begin MonoManager ReloadAssembly
Native extension for WindowsStandalone target not found
Refreshing native plugins compatible for Editor in 0.22 ms, found 0 plugins.
Preloading 0 native plugins for Editor in 0.00 ms.
Invoked RoslynAnalysisRunner static constructor.
RoslynAnalysisRunner will not be running.
RoslynAnalysisRunner has terminated.
Mono: successfully reloaded assembly
- Completed reload, in  0.971 seconds
Platform modules already initialized, skipping
Refreshing native plugins compatible for Editor in 0.21 ms, found 0 plugins.
Preloading 0 native plugins for Editor in 0.00 ms.
Unloading 1099 Unused Serialized files (Serialized files now loaded: 0)
System memory in use before: 59.3 MB.
System memory in use after: 59.3 MB.

Unloading 5 unused Assets to reduce memory usage. Loaded Objects now: 1555.
Total: 2.049000 ms (FindLiveObjects: 0.239600 ms CreateObjectMapping: 0.048300 ms MarkObjects: 1.707100 ms  DeleteObjects: 0.052900 ms)

========================================================================
Received Import Request.
  Time since last request: 10.914694 seconds.
  path: Assets/GitTest/GitTest.cs
  artifactKey: Guid(b5dd0f74baec5a24a9eb7e391ce15cf6) Importer(815301076,1909f56bfc062723c751e8b465ee728b)
Start importing Assets/GitTest/GitTest.cs using Guid(b5dd0f74baec5a24a9eb7e391ce15cf6) Importer(815301076,1909f56bfc062723c751e8b465ee728b)  -> (artifact id: '6eb4ae10f846e8f2bea27aa065ca88c1') in 0.005312 seconds
  Import took 0.029535 seconds .

========================================================================
Received Prepare
Registering precompiled user dll's ...
Registered in 0.001231 seconds.
Begin MonoManager ReloadAssembly
Native extension for WindowsStandalone target not found
Refreshing native plugins compatible for Editor in 0.39 ms, found 0 plugins.
Preloading 0 native plugins for Editor in 0.00 ms.
Invoked RoslynAnalysisRunner static constructor.
RoslynAnalysisRunner will not be running.
RoslynAnalysisRunner has terminated.
Mono: successfully reloaded assembly
- Completed reload, in  0.919 seconds
Platform modules already initialized, skipping
Refreshing native plugins compatible for Editor in 0.36 ms, found 0 plugins.
Preloading 0 native plugins for Editor in 0.00 ms.
Unloading 1100 Unused Serialized files (Serialized files now loaded: 0)
System memory in use before: 59.3 MB.
System memory in use after: 59.4 MB.

Unloading 5 unused Assets to reduce memory usage. Loaded Objects now: 1558.
Total: 1.744900 ms (FindLiveObjects: 0.187100 ms CreateObjectMapping: 0.028500 ms MarkObjects: 1.468900 ms  DeleteObjects: 0.058900 ms)

========================================================================
Received Import Request.
  Time since last request: 4.024707 seconds.
  path: Assets/GitTest/Package.json
  artifactKey: Guid(efe5f57566e043d438b08233fe9b6106) Importer(815301076,1909f56bfc062723c751e8b465ee728b)
Start importing Assets/GitTest/Package.json using Guid(efe5f57566e043d438b08233fe9b6106) Importer(815301076,1909f56bfc062723c751e8b465ee728b)  -> (artifact id: 'ebb96e607ef3d3ecbefa9ddb44fef3a9') in 0.024643 seconds
  Import took 0.044502 seconds .

========================================================================
Received Import Request.
  Time since last request: 10.700821 seconds.
  path: Assets/GitTest/Package.json
  artifactKey: Guid(efe5f57566e043d438b08233fe9b6106) Importer(815301076,1909f56bfc062723c751e8b465ee728b)
Start importing Assets/GitTest/Package.json using Guid(efe5f57566e043d438b08233fe9b6106) Importer(815301076,1909f56bfc062723c751e8b465ee728b)  -> (artifact id: '1015be7d72f3ee08c6138e184a09b1d8') in 0.004823 seconds
  Import took 0.025251 seconds .

AssetImportWorkerClient::OnTransportError - code=2 error=End of file
